<?xml version="1.0" encoding="UTF-8"?>
<testsuite name="kr.ac.jejunu.LombokTest" tests="1" skipped="0" failures="0" errors="0" timestamp="2021-04-30T09:01:04" hostname="DESKTOP-5QUR1SR" time="0.036">
  <properties/>
  <testcase name="equlas()" classname="kr.ac.jejunu.LombokTest" time="0.036"/>
  <system-out><![CDATA[]]></system-out>
  <system-err><![CDATA[]]></system-err>
</testsuite>
