<?xml version="1.0" encoding="UTF-8"?>
<testsuite name="kr.ac.jejunu.UserDaoTests" tests="4" skipped="0" failures="0" errors="0" timestamp="2021-03-26T09:09:36" hostname="DESKTOP-5QUR1SR" time="1.83">
  <properties/>
  <testcase name="Hallainsert()" classname="kr.ac.jejunu.UserDaoTests" time="1.504"/>
  <testcase name="insert()" classname="kr.ac.jejunu.UserDaoTests" time="0.199"/>
  <testcase name="get()" classname="kr.ac.jejunu.UserDaoTests" time="0.065"/>
  <testcase name="Hallaget()" classname="kr.ac.jejunu.UserDaoTests" time="0.056"/>
  <system-out><![CDATA[]]></system-out>
  <system-err><![CDATA[]]></system-err>
</testsuite>
