<?xml version="1.0" encoding="UTF-8"?>
<testsuite name="kr.ac.jejunu.UserDaoTests" tests="4" skipped="0" failures="0" errors="0" timestamp="2021-04-02T09:17:44" hostname="DESKTOP-5QUR1SR" time="1.173">
  <properties/>
  <testcase name="delete()" classname="kr.ac.jejunu.UserDaoTests" time="0.89"/>
  <testcase name="insert()" classname="kr.ac.jejunu.UserDaoTests" time="0.106"/>
  <testcase name="update()" classname="kr.ac.jejunu.UserDaoTests" time="0.134"/>
  <testcase name="get()" classname="kr.ac.jejunu.UserDaoTests" time="0.037"/>
  <system-out><![CDATA[]]></system-out>
  <system-err><![CDATA[]]></system-err>
</testsuite>
