<?xml version="1.0" encoding="UTF-8"?>
<testsuite name="kr.ac.jejunu.UserDaoTests" tests="4" skipped="0" failures="0" errors="0" timestamp="2021-04-09T12:44:35" hostname="DESKTOP-5QUR1SR" time="1.689">
  <properties/>
  <testcase name="delete()" classname="kr.ac.jejunu.UserDaoTests" time="1.249"/>
  <testcase name="insert()" classname="kr.ac.jejunu.UserDaoTests" time="0.151"/>
  <testcase name="update()" classname="kr.ac.jejunu.UserDaoTests" time="0.215"/>
  <testcase name="get()" classname="kr.ac.jejunu.UserDaoTests" time="0.067"/>
  <system-out><![CDATA[데이터 값은?허윤호
데이터 값은?허윤호
데이터 값은?허윤호
]]></system-out>
  <system-err><![CDATA[]]></system-err>
</testsuite>
