<?xml version="1.0" encoding="UTF-8"?>
<testsuite name="kr.ac.jejunu.UserDaoTests" tests="1" skipped="0" failures="0" errors="0" timestamp="2021-03-19T09:41:21" hostname="DESKTOP-5QUR1SR" time="1.042">
  <properties/>
  <testcase name="get()" classname="kr.ac.jejunu.UserDaoTests" time="1.042"/>
  <system-out><![CDATA[]]></system-out>
  <system-err><![CDATA[]]></system-err>
</testsuite>
