<?xml version="1.0" encoding="UTF-8"?>
<testsuite name="kr.ac.jejunu.UserDaoTests" tests="4" skipped="0" failures="0" errors="0" timestamp="2021-04-16T08:47:45" hostname="DESKTOP-5QUR1SR" time="1.542">
  <properties/>
  <testcase name="delete()" classname="kr.ac.jejunu.UserDaoTests" time="1.067"/>
  <testcase name="insert()" classname="kr.ac.jejunu.UserDaoTests" time="0.187"/>
  <testcase name="update()" classname="kr.ac.jejunu.UserDaoTests" time="0.217"/>
  <testcase name="get()" classname="kr.ac.jejunu.UserDaoTests" time="0.067"/>
  <system-out><![CDATA[]]></system-out>
  <system-err><![CDATA[]]></system-err>
</testsuite>
